#
# A fatal error has been detected by the Java Runtime Environment:
#
#  SIGSEGV (0xb) at pc=0x00000001000257a0, pid=6495, tid=0x0000000000000307
#
# JRE version: Java(TM) SE Runtime Environment (8.0_131-b11) (build 1.8.0_131-b11)
# Java VM: Java HotSpot(TM) 64-Bit Server VM (25.131-b11 mixed mode bsd-amd64 compressed oops)
# Problematic frame:
# C  [librexx.5.0.0.dylib+0x207a0]  _ZN18RexxInternalObject13requestStringEv+0x10
#
# Failed to write core dump. Core dumps have been disabled. To enable core dumping, try "ulimit -c unlimited" before starting Java again
#
# If you would like to submit a bug report, please visit:
#   http://bugreport.java.com/bugreport/crash.jsp
# The crash happened outside the Java Virtual Machine in native code.
# See problematic frame for where to report the bug.
#

---------------  T H R E A D  ---------------

Current thread (0x0000000100818800):  JavaThread "Thread-0" [_thread_in_native, id=775, stack(0x00007fff5f400000,0x00007fff5fc00000)]

siginfo: si_signo: 11 (SIGSEGV), si_code: 1 (SEGV_MAPERR), si_addr: 0x00000002022fc130

Registers:
RAX=0x00000001025fa240, RBX=0x00000001025fa138, RCX=0x0000000000000000, RDX=0x0000000000000000
RSP=0x00007fff5fbfb2a0, RBP=0x00007fff5fbfb2e0, RSI=0x00000002022fc118, RDI=0x00000002022fc118
R8 =0x0000000100139918, R9 =0x0000000000000005, R10=0x00000001011d1230, R11=0x00000001025fa288
R12=0x00000001025fa200, R13=0x00007fff5fbfb510, R14=0x00000002022fc118, R15=0x00000001025fa240
RIP=0x00000001000257a0, EFLAGS=0x0000000000010206, ERR=0x0000000000000004
  TRAPNO=0x000000000000000e

Top of Stack: (sp=0x00007fff5fbfb2a0)
0x00007fff5fbfb2a0:   0000000000000003 00007fff5fbfb2d0
0x00007fff5fbfb2b0:   00000001025fa200 0000000103341170
0x00007fff5fbfb2c0:   00007fff5fbfb310 00000001025fa138
0x00007fff5fbfb2d0:   00000002022fc118 00000001025fa240
0x00007fff5fbfb2e0:   00007fff5fbfb330 0000000100036b0d
0x00007fff5fbfb2f0:   00007fff5fbfb330 f47527602d630029
0x00007fff5fbfb300:   00000002022fc118 00000001025fa138
0x00007fff5fbfb310:   00000001025fa200 00007fff5fbfb510
0x00007fff5fbfb320:   00000001025f9fe0 0000000103341170
0x00007fff5fbfb330:   00007fff5fbfb360 000000010008fae0
0x00007fff5fbfb340:   00000001025f9fe0 00000001025f9fe0
0x00007fff5fbfb350:   00000001025f9fe0 00000001033411b0
0x00007fff5fbfb360:   00007fff5fbfb380 000000010009edec
0x00007fff5fbfb370:   00000001025f9fe0 00000001025fa138
0x00007fff5fbfb380:   00007fff5fbfb3b0 000000010009ef47
0x00007fff5fbfb390:   000000010012bdb0 00000001033411b0
0x00007fff5fbfb3a0:   0000000000000003 00000001025fa138
0x00007fff5fbfb3b0:   00007fff5fbfb420 000000010005958f
0x00007fff5fbfb3c0:   00000001025fa108 00000001025fa018
0x00007fff5fbfb3d0:   0000000100124570 00007fff5fbfb5b0
0x00007fff5fbfb3e0:   00000001014103f0 00000001025f9fe0
0x00007fff5fbfb3f0:   00000001025fa138 00000001014103f0
0x00007fff5fbfb400:   000000010333e7d0 0000000103341aa0
0x00007fff5fbfb410:   00000001025f9fe0 00000001034093e0
0x00007fff5fbfb420:   00007fff5fbfb470 00000001000603c3
0x00007fff5fbfb430:   00007fff5fbfb510 00000001011d1230
0x00007fff5fbfb440:   0000000000000002 0000000100122150
0x00007fff5fbfb450:   00007fff5fbfb510 0000000000000000
0x00007fff5fbfb460:   00007fff5fbfb510 0000000103341e98
0x00007fff5fbfb470:   00007fff5fbfb4b0 000000010002f5c3
0x00007fff5fbfb480:   00000001011d1230 0000000000000000
0x00007fff5fbfb490:   0000000000000020 00007fff5fbfb510 

Instructions: (pc=0x00000001000257a0)
0x0000000100025780:   c4 08 5b 5d ff e1 66 2e 0f 1f 84 00 00 00 00 00
0x0000000100025790:   55 48 89 e5 41 57 41 56 53 48 83 ec 28 49 89 fe
0x00000001000257a0:   49 8b 46 18 f6 40 28 01 75 54 49 8b 06 4c 89 f7
0x00000001000257b0:   ff 90 b0 00 00 00 48 89 c3 48 3b 1d a0 fe 10 00 

Register to memory mapping:

RAX=0x00000001025fa240 is an unknown value
RBX=0x00000001025fa138 is an unknown value
RCX=0x0000000000000000 is an unknown value
RDX=0x0000000000000000 is an unknown value
RSP=0x00007fff5fbfb2a0 is pointing into the stack for thread: 0x0000000100818800
RBP=0x00007fff5fbfb2e0 is pointing into the stack for thread: 0x0000000100818800
RSI=0x00000002022fc118 is an unknown value
RDI=0x00000002022fc118 is an unknown value
R8 =0x0000000100139918: memoryObject+0x260 in /local/rexx/oorexx/build/executor5.master/main/trunk/macos/clang/release/64/delivery/lib/librexx.5.0.0.dylib at 0x0000000100005000
R9 =0x0000000000000005 is an unknown value
R10=0x00000001011d1230 is an unknown value
R11=0x00000001025fa288 is an unknown value
R12=0x00000001025fa200 is an unknown value
R13=0x00007fff5fbfb510 is pointing into the stack for thread: 0x0000000100818800
R14=0x00000002022fc118 is an unknown value
R15=0x00000001025fa240 is an unknown value


Stack: [0x00007fff5f400000,0x00007fff5fc00000],  sp=0x00007fff5fbfb2a0,  free space=8172k
Native frames: (J=compiled Java code, j=interpreted, Vv=VM code, C=native code)
C  [librexx.5.0.0.dylib+0x207a0]  _ZN18RexxInternalObject13requestStringEv+0x10
C  [librexx.5.0.0.dylib+0x31b0d]  _ZN10RexxString11concatBlankEP10RexxObject+0x3d
C  [librexx.5.0.0.dylib+0x8aae0]  _ZN18RexxBinaryOperator8evaluateEP14RexxActivationP15ExpressionStack+0x40
C  [librexx.5.0.0.dylib+0x99dec]  _ZN25RexxInstructionExpression24evaluateStringExpressionEP14RexxActivationP15ExpressionStack+0x1c
C  [librexx.5.0.0.dylib+0x99f47]  _ZN18RexxInstructionSay7executeEP14RexxActivationP15ExpressionStack+0x37
C  [librexx.5.0.0.dylib+0x5458f]  _ZN14RexxActivation3runEP10RexxObjectP10RexxStringPS1_mP15RexxInstructionR15ProtectedObject+0x51f
C  [librexx.5.0.0.dylib+0x5b3c3]  _ZN8RexxCode4callEP8ActivityP12RoutineClassP10RexxStringPP10RexxObjectmS5_S5_17ActivationContextR15ProtectedObject+0x73
C  [librexx.5.0.0.dylib+0x2a5c3]  _ZN12RoutineClass4callEP8ActivityP10RexxStringPP10RexxObjectmS3_S3_17ActivationContextR15ProtectedObject+0x33
C  [librexx.5.0.0.dylib+0x57cee]  _ZN14RexxActivation12externalCallEP10RexxStringP12RoutineClassPP10RexxObjectmS1_R15ProtectedObject+0x2e
C  [librexx.5.0.0.dylib+0x89f6f]  _ZN22RexxExpressionFunction8evaluateEP14RexxActivationP15ExpressionStack+0x8f
C  [librexx.5.0.0.dylib+0x8d6eb]  _ZN25RexxInstructionAssignment7executeEP14RexxActivationP15ExpressionStack+0x3b
C  [librexx.5.0.0.dylib+0x5458f]  _ZN14RexxActivation3runEP10RexxObjectP10RexxStringPS1_mP15RexxInstructionR15ProtectedObject+0x51f
C  [librexx.5.0.0.dylib+0x5b3c3]  _ZN8RexxCode4callEP8ActivityP12RoutineClassP10RexxStringPP10RexxObjectmS5_S5_17ActivationContextR15ProtectedObject+0x73
C  [librexx.5.0.0.dylib+0x2a5c3]  _ZN12RoutineClass4callEP8ActivityP10RexxStringPP10RexxObjectmS3_S3_17ActivationContextR15ProtectedObject+0x33
C  [librexx.5.0.0.dylib+0x57d7a]  _ZN14RexxActivation12externalCallERP12RoutineClassP10RexxStringPP10RexxObjectmS4_R15ProtectedObject+0x7a
C  [librexx.5.0.0.dylib+0x8a096]  _ZN22RexxExpressionFunction8evaluateEP14RexxActivationP15ExpressionStack+0x1b6
C  [librexx.5.0.0.dylib+0x8d6eb]  _ZN25RexxInstructionAssignment7executeEP14RexxActivationP15ExpressionStack+0x3b
C  [librexx.5.0.0.dylib+0x5458f]  _ZN14RexxActivation3runEP10RexxObjectP10RexxStringPS1_mP15RexxInstructionR15ProtectedObject+0x51f
C  [librexx.5.0.0.dylib+0x5b3c3]  _ZN8RexxCode4callEP8ActivityP12RoutineClassP10RexxStringPP10RexxObjectmS5_S5_17ActivationContextR15ProtectedObject+0x73
C  [librexx.5.0.0.dylib+0x2a5c3]  _ZN12RoutineClass4callEP8ActivityP10RexxStringPP10RexxObjectmS3_S3_17ActivationContextR15ProtectedObject+0x33
C  [librexx.5.0.0.dylib+0x57f71]  _ZN14RexxActivation16callExternalRexxEP10RexxStringPP10RexxObjectmS1_R15ProtectedObject+0x101
C  [librexx.5.0.0.dylib+0xb45fc]  _ZN17SystemInterpreter22invokeExternalFunctionEP14RexxActivationP8ActivityP10RexxStringPP10RexxObjectmS5_R15ProtectedObject+0x7c
C  [librexx.5.0.0.dylib+0x57e09]  _ZN14RexxActivation12externalCallERP12RoutineClassP10RexxStringPP10RexxObjectmS4_R15ProtectedObject+0x109
C  [librexx.5.0.0.dylib+0x8e401]  _ZN19RexxInstructionCall7executeEP14RexxActivationP15ExpressionStack+0x211
C  [librexx.5.0.0.dylib+0x5458f]  _ZN14RexxActivation3runEP10RexxObjectP10RexxStringPS1_mP15RexxInstructionR15ProtectedObject+0x51f
C  [librexx.5.0.0.dylib+0x57629]  _ZN14RexxActivation9interpretEP10RexxString+0xa9
C  [librexx.5.0.0.dylib+0x5458f]  _ZN14RexxActivation3runEP10RexxObjectP10RexxStringPS1_mP15RexxInstructionR15ProtectedObject+0x51f
C  [librexx.5.0.0.dylib+0x581ff]  _ZN14RexxActivation12internalCallEP10RexxStringP15RexxInstructionPP10RexxObjectmR15ProtectedObject+0x11f
C  [librexx.5.0.0.dylib+0x8e2ce]  _ZN19RexxInstructionCall7executeEP14RexxActivationP15ExpressionStack+0xde
C  [librexx.5.0.0.dylib+0x5458f]  _ZN14RexxActivation3runEP10RexxObjectP10RexxStringPS1_mP15RexxInstructionR15ProtectedObject+0x51f
C  [librexx.5.0.0.dylib+0x5b3c3]  _ZN8RexxCode4callEP8ActivityP12RoutineClassP10RexxStringPP10RexxObjectmS5_S5_17ActivationContextR15ProtectedObject+0x73
C  [librexx.5.0.0.dylib+0x5b33e]  _ZN8RexxCode4callEP8ActivityP12RoutineClassP10RexxStringPP10RexxObjectmR15ProtectedObject+0x1e
C  [librexx.5.0.0.dylib+0x2a636]  _ZN12RoutineClass8callRexxEPP10RexxObjectm+0x66
C  [librexx.5.0.0.dylib+0x52037]  _ZN7CPPCode3runEP8ActivityP11MethodClassP10RexxObjectP10RexxStringPS5_mR15ProtectedObject+0xb7
C  [librexx.5.0.0.dylib+0x12b75]  _ZN11MethodClass3runEP8ActivityP10RexxObjectP10RexxStringPS3_mR15ProtectedObject+0x25
C  [librexx.5.0.0.dylib+0x20d3d]  _ZN10RexxObject11messageSendEP10RexxStringPPS_mR15ProtectedObject+0xad
C  [librexx.5.0.0.dylib+0x96ddc]  _ZN22RexxInstructionMessage7executeEP14RexxActivationP15ExpressionStack+0x10c
C  [librexx.5.0.0.dylib+0x5458f]  _ZN14RexxActivation3runEP10RexxObjectP10RexxStringPS1_mP15RexxInstructionR15ProtectedObject+0x51f
C  [librexx.5.0.0.dylib+0x5b3c3]  _ZN8RexxCode4callEP8ActivityP12RoutineClassP10RexxStringPP10RexxObjectmS5_S5_17ActivationContextR15ProtectedObject+0x73
C  [librexx.5.0.0.dylib+0x2a7dd]  _ZN12RoutineClass10runProgramEP8ActivityPP10RexxObjectmR15ProtectedObject+0x3d
C  [librexx.5.0.0.dylib+0x81d6b]  _ZN21CallProgramDispatcher3runEv+0xcb
C  [librexx.5.0.0.dylib+0x5f39d]  _ZN16NativeActivation3runER18ActivityDispatcher+0x4d
C  [librexx.5.0.0.dylib+0x7b90f]  _ZN8Activity3runER18ActivityDispatcher+0xff
C  [librexx.5.0.0.dylib+0x493ca]  CallProgram+0xaa
C  [rexx+0x2d8f]  main+0x42f
C  [rexx+0x2934]  start+0x34
C  0x0000000000000002


---------------  P R O C E S S  ---------------

Java Threads: ( => current thread )
=>0x0000000100818800 JavaThread "Thread-0" [_thread_in_native, id=775, stack(0x00007fff5f400000,0x00007fff5fc00000)]
  0x0000000100872000 JavaThread "Service Thread" daemon [_thread_blocked, id=14595, stack(0x000070000f1f1000,0x000070000f2f1000)]
  0x0000000100868800 JavaThread "C1 CompilerThread1" daemon [_thread_blocked, id=14083, stack(0x000070000f0ee000,0x000070000f1ee000)]
  0x0000000100867000 JavaThread "C2 CompilerThread0" daemon [_thread_blocked, id=13571, stack(0x000070000efeb000,0x000070000f0eb000)]
  0x0000000100804800 JavaThread "Signal Dispatcher" daemon [_thread_blocked, id=13059, stack(0x000070000eee8000,0x000070000efe8000)]
  0x0000000104038800 JavaThread "Finalizer" daemon [_thread_blocked, id=11523, stack(0x000070000ede5000,0x000070000eee5000)]
  0x0000000104030000 JavaThread "Reference Handler" daemon [_thread_blocked, id=11011, stack(0x000070000ece2000,0x000070000ede2000)]

Other Threads:
  0x000000010084b000 VMThread [stack: 0x000070000ebdf000,0x000070000ecdf000] [id=10499]
  0x0000000100864800 WatcherThread [stack: 0x000070000f2f4000,0x000070000f3f4000] [id=15107]

VM state:not at safepoint (normal execution)

VM Mutex/Monitor currently owned by a thread: None

Heap:
 PSYoungGen      total 76288K, used 6554K [0x000000076ab00000, 0x0000000770000000, 0x00000007c0000000)
  eden space 65536K, 10% used [0x000000076ab00000,0x000000076b166800,0x000000076eb00000)
  from space 10752K, 0% used [0x000000076f580000,0x000000076f580000,0x0000000770000000)
  to   space 10752K, 0% used [0x000000076eb00000,0x000000076eb00000,0x000000076f580000)
 ParOldGen       total 175104K, used 0K [0x00000006c0000000, 0x00000006cab00000, 0x000000076ab00000)
  object space 175104K, 0% used [0x00000006c0000000,0x00000006c0000000,0x00000006cab00000)
 Metaspace       used 4863K, capacity 5094K, committed 5248K, reserved 1056768K
  class space    used 528K, capacity 599K, committed 640K, reserved 1048576K

Card table byte_map: [0x000000010741c000,0x0000000107c1d000] byte_map_base: 0x0000000103e1c000

Marking Bits: (ParMarkBitMap*) 0x00000001069aaea0
 Begin Bits: [0x000000011c67a000, 0x000000012067a000)
 End Bits:   [0x000000012067a000, 0x000000012467a000)

Polling page: 0x00000001001ff000

CodeCache: size=245760Kb used=1756Kb max_used=1756Kb free=244003Kb
 bounds [0x000000010d67a000, 0x000000010d8ea000, 0x000000011c67a000]
 total_blobs=594 nmethods=320 adapters=190
 compilation: enabled

Compilation events (10 events):
Event: 0.502 Thread 0x0000000100868800  320       1       java.lang.reflect.Method::getDeclaringClass (5 bytes)
Event: 0.502 Thread 0x0000000100868800 nmethod 320 0x000000010d82a890 code [0x000000010d82a9e0, 0x000000010d82aaf0]
Event: 0.502 Thread 0x0000000100868800  319       1       java.lang.reflect.Method::getReturnType (5 bytes)
Event: 0.502 Thread 0x0000000100868800 nmethod 319 0x000000010d82a5d0 code [0x000000010d82a720, 0x000000010d82a830]
Event: 0.502 Thread 0x0000000100868800  316       3       java.lang.Character::toUpperCase (6 bytes)
Event: 0.502 Thread 0x0000000100868800 nmethod 316 0x000000010d82a090 code [0x000000010d82a220, 0x000000010d82a4b8]
Event: 0.502 Thread 0x0000000100868800  317       3       java.lang.Character::toUpperCase (9 bytes)
Event: 0.502 Thread 0x0000000100868800 nmethod 317 0x000000010d829c10 code [0x000000010d829d80, 0x000000010d829fb8]
Event: 0.502 Thread 0x0000000100868800  318       1       java.lang.StringCoding$StringDecoder::requestedCharsetName (5 bytes)
Event: 0.503 Thread 0x0000000100868800 nmethod 318 0x000000010d829950 code [0x000000010d829aa0, 0x000000010d829bb0]

GC Heap History (0 events):
No events

Deoptimization events (0 events):
No events

Internal exceptions (10 events):
Event: 0.247 Thread 0x0000000100818800 Exception <a 'java/security/PrivilegedActionException'> (0x000000076ac9fbd0) thrown at [/Users/java_re/workspace/8-2-build-macosx-x86_64/jdk8u131/8869/hotspot/src/share/vm/prims/jvm.cpp, line 1390]
Event: 0.263 Thread 0x0000000100818800 Exception <a 'java/security/PrivilegedActionException'> (0x000000076aced970) thrown at [/Users/java_re/workspace/8-2-build-macosx-x86_64/jdk8u131/8869/hotspot/src/share/vm/prims/jvm.cpp, line 1390]
Event: 0.263 Thread 0x0000000100818800 Exception <a 'java/security/PrivilegedActionException'> (0x000000076acedb80) thrown at [/Users/java_re/workspace/8-2-build-macosx-x86_64/jdk8u131/8869/hotspot/src/share/vm/prims/jvm.cpp, line 1390]
Event: 0.264 Thread 0x0000000100818800 Exception <a 'java/security/PrivilegedActionException'> (0x000000076acf0eb0) thrown at [/Users/java_re/workspace/8-2-build-macosx-x86_64/jdk8u131/8869/hotspot/src/share/vm/prims/jvm.cpp, line 1390]
Event: 0.264 Thread 0x0000000100818800 Exception <a 'java/security/PrivilegedActionException'> (0x000000076acf10c0) thrown at [/Users/java_re/workspace/8-2-build-macosx-x86_64/jdk8u131/8869/hotspot/src/share/vm/prims/jvm.cpp, line 1390]
Event: 0.298 Thread 0x0000000100818800 Exception <a 'java/lang/NoClassDefFoundError': org/apache/log4j/Category> (0x000000076ad5e298) thrown at [/Users/java_re/workspace/8-2-build-macosx-x86_64/jdk8u131/8869/hotspot/src/share/vm/classfile/systemDictionary.cpp, line 199]
Event: 0.422 Thread 0x0000000100818800 Exception <a 'java/lang/NoSuchFieldError': method resolution failed> (0x000000076afe39f0) thrown at [/Users/java_re/workspace/8-2-build-macosx-x86_64/jdk8u131/8869/hotspot/src/share/vm/prims/methodHandles.cpp, line 1146]
Event: 0.425 Thread 0x0000000100818800 Exception <a 'java/lang/NoSuchFieldError': method resolution failed> (0x000000076aff10e0) thrown at [/Users/java_re/workspace/8-2-build-macosx-x86_64/jdk8u131/8869/hotspot/src/share/vm/prims/methodHandles.cpp, line 1146]
Event: 0.469 Thread 0x0000000100818800 Exception <a 'java/io/FileNotFoundException'> (0x000000076b06a028) thrown at [/Users/java_re/workspace/8-2-build-macosx-x86_64/jdk8u131/8869/hotspot/src/share/vm/prims/jni.cpp, line 709]
Event: 0.469 Thread 0x0000000100818800 Exception <a 'java/io/FileNotFoundException'> (0x000000076b06abb0) thrown at [/Users/java_re/workspace/8-2-build-macosx-x86_64/jdk8u131/8869/hotspot/src/share/vm/prims/jni.cpp, line 709]

Events (10 events):
Event: 0.493 loading class java/lang/reflect/TypeVariable
Event: 0.493 loading class java/lang/reflect/TypeVariable done
Event: 0.493 loading class java/lang/reflect/AnnotatedType
Event: 0.493 loading class java/lang/reflect/AnnotatedType done
Event: 0.498 loading class java/io/Console
Event: 0.498 loading class java/io/Console done
Event: 0.498 loading class java/nio/channels/Channel
Event: 0.498 loading class java/nio/channels/Channel done
Event: 4.247 Executing VM operation: EnableBiasedLocking
Event: 4.248 Executing VM operation: EnableBiasedLocking done


Dynamic libraries:
0x0000000100005000 	/local/rexx/oorexx/build/executor5.master/main/trunk/macos/clang/release/64/delivery/lib/librexx.5.0.0.dylib
0x00000001001aa000 	/local/rexx/oorexx/build/executor5.master/main/trunk/macos/clang/release/64/delivery/lib/librexxapi.5.0.0.dylib
0x000000003a09d000 	/usr/lib/libSystem.B.dylib
0x000000003a09d000 	/usr/lib/libstdc++.6.dylib
0x000000003a09d000 	/usr/lib/system/libcache.dylib
0x000000003a09d000 	/usr/lib/system/libcommonCrypto.dylib
0x000000003a09d000 	/usr/lib/system/libcompiler_rt.dylib
0x000000003a09d000 	/usr/lib/system/libcopyfile.dylib
0x000000003a09d000 	/usr/lib/system/libcorecrypto.dylib
0x000000003a09d000 	/usr/lib/system/libdispatch.dylib
0x000000003a09d000 	/usr/lib/system/libdyld.dylib
0x000000003a09d000 	/usr/lib/system/libkeymgr.dylib
0x000000003a09d000 	/usr/lib/system/liblaunch.dylib
0x000000003a09d000 	/usr/lib/system/libmacho.dylib
0x000000003a09d000 	/usr/lib/system/libquarantine.dylib
0x000000003a09d000 	/usr/lib/system/libremovefile.dylib
0x000000003a09d000 	/usr/lib/system/libsystem_asl.dylib
0x000000003a09d000 	/usr/lib/system/libsystem_blocks.dylib
0x000000003a09d000 	/usr/lib/system/libsystem_c.dylib
0x000000003a09d000 	/usr/lib/system/libsystem_configuration.dylib
0x000000003a09d000 	/usr/lib/system/libsystem_coreservices.dylib
0x000000003a09d000 	/usr/lib/system/libsystem_coretls.dylib
0x000000003a09d000 	/usr/lib/system/libsystem_dnssd.dylib
0x000000003a09d000 	/usr/lib/system/libsystem_info.dylib
0x000000003a09d000 	/usr/lib/system/libsystem_kernel.dylib
0x000000003a09d000 	/usr/lib/system/libsystem_m.dylib
0x000000003a09d000 	/usr/lib/system/libsystem_malloc.dylib
0x000000003a09d000 	/usr/lib/system/libsystem_network.dylib
0x000000003a09d000 	/usr/lib/system/libsystem_networkextension.dylib
0x000000003a09d000 	/usr/lib/system/libsystem_notify.dylib
0x000000003a09d000 	/usr/lib/system/libsystem_platform.dylib
0x000000003a09d000 	/usr/lib/system/libsystem_pthread.dylib
0x000000003a09d000 	/usr/lib/system/libsystem_sandbox.dylib
0x000000003a09d000 	/usr/lib/system/libsystem_secinit.dylib
0x000000003a09d000 	/usr/lib/system/libsystem_symptoms.dylib
0x000000003a09d000 	/usr/lib/system/libsystem_trace.dylib
0x000000003a09d000 	/usr/lib/system/libunwind.dylib
0x000000003a09d000 	/usr/lib/system/libxpc.dylib
0x000000003a09d000 	/usr/lib/libobjc.A.dylib
0x000000003a09d000 	/usr/lib/libc++abi.dylib
0x000000003a09d000 	/usr/lib/libc++.1.dylib
0x0000000100700000 	/local/rexx/oorexx/build/executor5.master/main/trunk/macos/clang/release/64/delivery/lib/librexxutil.dylib
0x0000000100711000 	/Local/rexx/GCI/gci-source.1.1/build/macos/clang/release/64/libgci.dylib
0x0000000103a00000 	/local/rexx/oorexx/build/executor.master/sandbox/jlf/trunk/macos/clang/release/64/delivery/lib/librexx.4.dylib
0x0000000100722000 	/local/rexx/oorexx/build/executor.master/sandbox/jlf/trunk/macos/clang/release/64/delivery/lib/librexxapi.4.dylib
0x000000010073d000 	/local/rexx/oorexx/build/executor5.master/main/trunk/macos/clang/release/64/delivery/lib/librxunixsys.dylib
0x0000000100748000 	/local/rexx/oorexx/build/executor5.master/main/trunk/macos/clang/release/64/delivery/lib/libhostemu.dylib
0x0000000100768000 	/local/rexx/oorexx/build/executor5.master/main/trunk/macos/clang/release/64/delivery/lib/librxsock.dylib
0x0000000100772000 	/local/rexx/oorexx/build/executor5.master/main/trunk/macos/clang/release/64/delivery/lib/librxmath.dylib
0x0000000100779000 	/local/rexx/oorexx/build/executor5.master/main/trunk/macos/clang/release/64/delivery/lib/librxregexp.dylib
0x0000000100781000 	/Local/rexx/bsf4oorexx/svn/trunk/bsf4oorexx.dev/source_cc/build/macos/clang/release/64/libBSF4ooRexx.dylib
0x000000010079c000 	/System/Library/Frameworks/JavaVM.framework/Versions/A/JavaVM
0x00000001007a9000 	/System/Library/PrivateFrameworks/JavaLaunching.framework/Versions/A/JavaLaunching
0x000000003a09d000 	/System/Library/Frameworks/Foundation.framework/Versions/C/Foundation
0x000000003a09d000 	/System/Library/Frameworks/CoreFoundation.framework/Versions/A/CoreFoundation
0x000000003a09d000 	/usr/lib/libauto.dylib
0x000000003a09d000 	/System/Library/Frameworks/DiskArbitration.framework/Versions/A/DiskArbitration
0x000000003a09d000 	/usr/lib/libarchive.2.dylib
0x000000003a09d000 	/usr/lib/libDiagnosticMessagesClient.dylib
0x000000003a09d000 	/usr/lib/libicucore.A.dylib
0x000000003a09d000 	/usr/lib/libxml2.2.dylib
0x000000003a09d000 	/usr/lib/libz.1.dylib
0x000000003a09d000 	/System/Library/Frameworks/CFNetwork.framework/Versions/A/CFNetwork
0x000000003a09d000 	/System/Library/Frameworks/SystemConfiguration.framework/Versions/A/SystemConfiguration
0x000000003a09d000 	/System/Library/Frameworks/CoreServices.framework/Versions/A/CoreServices
0x000000003a09d000 	/usr/lib/liblangid.dylib
0x000000003a09d000 	/System/Library/Frameworks/IOKit.framework/Versions/A/IOKit
0x000000003a09d000 	/usr/lib/libCRFSuite.dylib
0x000000003a09d000 	/System/Library/Frameworks/Security.framework/Versions/A/Security
0x000000003a09d000 	/usr/lib/libenergytrace.dylib
0x000000003a09d000 	/usr/lib/libbsm.0.dylib
0x000000003a09d000 	/usr/lib/system/libkxld.dylib
0x000000003a09d000 	/usr/lib/libcoretls.dylib
0x000000003a09d000 	/usr/lib/libcoretls_cfhelpers.dylib
0x000000003a09d000 	/usr/lib/libOpenScriptingUtil.dylib
0x000000003a09d000 	/usr/lib/libpam.2.dylib
0x000000003a09d000 	/usr/lib/libsqlite3.dylib
0x000000003a09d000 	/usr/lib/libxar.1.dylib
0x000000003a09d000 	/usr/lib/libbz2.1.0.dylib
0x000000003a09d000 	/usr/lib/liblzma.5.dylib
0x000000003a09d000 	/usr/lib/libnetwork.dylib
0x000000003a09d000 	/usr/lib/libpcap.A.dylib
0x000000003a09d000 	/System/Library/Frameworks/CoreServices.framework/Versions/A/Frameworks/FSEvents.framework/Versions/A/FSEvents
0x000000003a09d000 	/System/Library/Frameworks/CoreServices.framework/Versions/A/Frameworks/CarbonCore.framework/Versions/A/CarbonCore
0x000000003a09d000 	/System/Library/Frameworks/CoreServices.framework/Versions/A/Frameworks/Metadata.framework/Versions/A/Metadata
0x000000003a09d000 	/System/Library/Frameworks/CoreServices.framework/Versions/A/Frameworks/OSServices.framework/Versions/A/OSServices
0x000000003a09d000 	/System/Library/Frameworks/CoreServices.framework/Versions/A/Frameworks/SearchKit.framework/Versions/A/SearchKit
0x000000003a09d000 	/System/Library/Frameworks/CoreServices.framework/Versions/A/Frameworks/AE.framework/Versions/A/AE
0x000000003a09d000 	/System/Library/Frameworks/CoreServices.framework/Versions/A/Frameworks/LaunchServices.framework/Versions/A/LaunchServices
0x000000003a09d000 	/System/Library/Frameworks/CoreServices.framework/Versions/A/Frameworks/DictionaryServices.framework/Versions/A/DictionaryServices
0x000000003a09d000 	/System/Library/Frameworks/CoreServices.framework/Versions/A/Frameworks/SharedFileList.framework/Versions/A/SharedFileList
0x000000003a09d000 	/System/Library/Frameworks/NetFS.framework/Versions/A/NetFS
0x000000003a09d000 	/System/Library/PrivateFrameworks/NetAuth.framework/Versions/A/NetAuth
0x000000003a09d000 	/System/Library/PrivateFrameworks/login.framework/Versions/A/Frameworks/loginsupport.framework/Versions/A/loginsupport
0x000000003a09d000 	/System/Library/PrivateFrameworks/TCC.framework/Versions/A/TCC
0x000000003a09d000 	/usr/lib/libmecabra.dylib
0x000000003a09d000 	/System/Library/Frameworks/ApplicationServices.framework/Versions/A/ApplicationServices
0x000000003a09d000 	/System/Library/Frameworks/CoreGraphics.framework/Versions/A/CoreGraphics
0x000000003a09d000 	/System/Library/Frameworks/CoreText.framework/Versions/A/CoreText
0x000000003a09d000 	/System/Library/Frameworks/ImageIO.framework/Versions/A/ImageIO
0x000000003a09d000 	/System/Library/Frameworks/ApplicationServices.framework/Versions/A/Frameworks/ATS.framework/Versions/A/ATS
0x000000003a09d000 	/System/Library/Frameworks/ApplicationServices.framework/Versions/A/Frameworks/ColorSync.framework/Versions/A/ColorSync
0x000000003a09d000 	/System/Library/Frameworks/ApplicationServices.framework/Versions/A/Frameworks/HIServices.framework/Versions/A/HIServices
0x000000003a09d000 	/System/Library/Frameworks/ApplicationServices.framework/Versions/A/Frameworks/LangAnalysis.framework/Versions/A/LangAnalysis
0x000000003a09d000 	/System/Library/Frameworks/ApplicationServices.framework/Versions/A/Frameworks/PrintCore.framework/Versions/A/PrintCore
0x000000003a09d000 	/System/Library/Frameworks/ApplicationServices.framework/Versions/A/Frameworks/QD.framework/Versions/A/QD
0x000000003a09d000 	/System/Library/Frameworks/ApplicationServices.framework/Versions/A/Frameworks/SpeechSynthesis.framework/Versions/A/SpeechSynthesis
0x000000003a09d000 	/System/Library/Frameworks/Accelerate.framework/Versions/A/Accelerate
0x000000003a09d000 	/System/Library/Frameworks/Accelerate.framework/Versions/A/Frameworks/vImage.framework/Versions/A/vImage
0x000000003a09d000 	/System/Library/Frameworks/Accelerate.framework/Versions/A/Frameworks/vecLib.framework/Versions/A/vecLib
0x000000003a09d000 	/System/Library/Frameworks/Accelerate.framework/Versions/A/Frameworks/vecLib.framework/Versions/A/libvDSP.dylib
0x000000003a09d000 	/System/Library/Frameworks/Accelerate.framework/Versions/A/Frameworks/vecLib.framework/Versions/A/libBNNS.dylib
0x000000003a09d000 	/System/Library/Frameworks/Accelerate.framework/Versions/A/Frameworks/vecLib.framework/Versions/A/libQuadrature.dylib
0x000000003a09d000 	/System/Library/Frameworks/Accelerate.framework/Versions/A/Frameworks/vecLib.framework/Versions/A/libvMisc.dylib
0x000000003a09d000 	/System/Library/Frameworks/Accelerate.framework/Versions/A/Frameworks/vecLib.framework/Versions/A/libLAPACK.dylib
0x000000003a09d000 	/System/Library/Frameworks/Accelerate.framework/Versions/A/Frameworks/vecLib.framework/Versions/A/libBLAS.dylib
0x000000003a09d000 	/System/Library/Frameworks/Accelerate.framework/Versions/A/Frameworks/vecLib.framework/Versions/A/libLinearAlgebra.dylib
0x000000003a09d000 	/System/Library/Frameworks/Accelerate.framework/Versions/A/Frameworks/vecLib.framework/Versions/A/libSparseBLAS.dylib
0x000000003a09d000 	/System/Library/Frameworks/ApplicationServices.framework/Versions/A/Frameworks/ATS.framework/Versions/A/Resources/libFontParser.dylib
0x000000003a09d000 	/System/Library/Frameworks/ApplicationServices.framework/Versions/A/Frameworks/ATS.framework/Versions/A/Resources/libFontRegistry.dylib
0x000000003a09d000 	/System/Library/Frameworks/ImageIO.framework/Versions/A/Resources/libJPEG.dylib
0x000000003a09d000 	/System/Library/Frameworks/ImageIO.framework/Versions/A/Resources/libTIFF.dylib
0x000000003a09d000 	/System/Library/Frameworks/ImageIO.framework/Versions/A/Resources/libPng.dylib
0x000000003a09d000 	/System/Library/Frameworks/ImageIO.framework/Versions/A/Resources/libGIF.dylib
0x000000003a09d000 	/System/Library/Frameworks/ImageIO.framework/Versions/A/Resources/libJP2.dylib
0x000000003a09d000 	/System/Library/Frameworks/ImageIO.framework/Versions/A/Resources/libRadiance.dylib
0x000000003a09d000 	/usr/lib/libcompression.dylib
0x000000003a09d000 	/System/Library/PrivateFrameworks/AppleJPEG.framework/Versions/A/AppleJPEG
0x000000003a09d000 	/System/Library/Frameworks/IOSurface.framework/Versions/A/IOSurface
0x000000003a09d000 	/System/Library/PrivateFrameworks/MultitouchSupport.framework/Versions/A/MultitouchSupport
0x000000003a09d000 	/usr/lib/libcups.2.dylib
0x000000003a09d000 	/System/Library/Frameworks/Kerberos.framework/Versions/A/Kerberos
0x000000003a09d000 	/System/Library/Frameworks/GSS.framework/Versions/A/GSS
0x000000003a09d000 	/usr/lib/libresolv.9.dylib
0x000000003a09d000 	/usr/lib/libiconv.2.dylib
0x000000003a09d000 	/System/Library/PrivateFrameworks/Heimdal.framework/Versions/A/Heimdal
0x000000003a09d000 	/usr/lib/libheimdal-asn1.dylib
0x000000003a09d000 	/System/Library/Frameworks/OpenDirectory.framework/Versions/A/OpenDirectory
0x000000003a09d000 	/System/Library/PrivateFrameworks/CommonAuth.framework/Versions/A/CommonAuth
0x000000003a09d000 	/System/Library/Frameworks/OpenDirectory.framework/Versions/A/Frameworks/CFOpenDirectory.framework/Versions/A/CFOpenDirectory
0x000000003a09d000 	/System/Library/Frameworks/SecurityFoundation.framework/Versions/A/SecurityFoundation
0x000000003a09d000 	/System/Library/Frameworks/CoreAudio.framework/Versions/A/CoreAudio
0x000000003a09d000 	/System/Library/Frameworks/AudioToolbox.framework/Versions/A/AudioToolbox
0x000000003a09d000 	/System/Library/PrivateFrameworks/LanguageModeling.framework/Versions/A/LanguageModeling
0x000000003a09d000 	/usr/lib/libmarisa.dylib
0x000000003a09d000 	/usr/lib/libChineseTokenizer.dylib
0x000000003a09d000 	/usr/lib/libcmph.dylib
0x000000003a09d000 	/System/Library/Frameworks/CoreData.framework/Versions/A/CoreData
0x000000003a09d000 	/System/Library/PrivateFrameworks/CoreEmoji.framework/Versions/A/CoreEmoji
0x000000003a09d000 	/System/Library/Frameworks/ServiceManagement.framework/Versions/A/ServiceManagement
0x000000003a09d000 	/usr/lib/libxslt.1.dylib
0x00000001060b9000 	/Library/Java/JavaVirtualMachines/jdk1.8.0_131.jdk/Contents/Home/jre/lib/server/libjvm.dylib
0x0000000103802000 	/Library/Java/JavaVirtualMachines/jdk1.8.0_131.jdk/Contents/Home/jre/lib/libverify.dylib
0x0000000103810000 	/Library/Java/JavaVirtualMachines/jdk1.8.0_131.jdk/Contents/Home/jre/lib/libjava.dylib
0x000000010384d000 	/Library/Java/JavaVirtualMachines/jdk1.8.0_131.jdk/Contents/Home/jre/lib/libzip.dylib
0x0000000109d9a000 	/System/Library/Frameworks/JavaVM.framework/Frameworks/JavaRuntimeSupport.framework/JavaRuntimeSupport
0x000000003a09d000 	/System/Library/Frameworks/QuartzCore.framework/Versions/A/QuartzCore
0x0000000109db4000 	/System/Library/Frameworks/JavaVM.framework/Versions/A/Frameworks/JavaNativeFoundation.framework/Versions/A/JavaNativeFoundation
0x000000003a09d000 	/System/Library/PrivateFrameworks/CoreUI.framework/Versions/A/CoreUI
0x000000003a09d000 	/System/Library/Frameworks/Cocoa.framework/Versions/A/Cocoa
0x000000003a09d000 	/System/Library/Frameworks/Carbon.framework/Versions/A/Carbon
0x000000003a09d000 	/System/Library/PrivateFrameworks/CoreSymbolication.framework/Versions/A/CoreSymbolication
0x000000003a09d000 	/System/Library/Frameworks/AppKit.framework/Versions/C/AppKit
0x000000003a09d000 	/System/Library/Frameworks/CoreImage.framework/Versions/A/CoreImage
0x000000003a09d000 	/System/Library/Frameworks/CoreVideo.framework/Versions/A/CoreVideo
0x000000003a09d000 	/System/Library/Frameworks/Metal.framework/Versions/A/Metal
0x000000003a09d000 	/System/Library/Frameworks/OpenGL.framework/Versions/A/OpenGL
0x000000003a09d000 	/usr/lib/libFosl_dynamic.dylib
0x000000003a09d000 	/System/Library/PrivateFrameworks/MetalPerformanceShaders.framework/Versions/A/MetalPerformanceShaders
0x000000003a09d000 	/System/Library/PrivateFrameworks/FaceCore.framework/Versions/A/FaceCore
0x000000003a09d000 	/System/Library/Frameworks/OpenCL.framework/Versions/A/OpenCL
0x000000003a09d000 	/System/Library/PrivateFrameworks/GPUCompiler.framework/libmetal_timestamp.dylib
0x000000003a09d000 	/System/Library/Frameworks/OpenGL.framework/Versions/A/Libraries/libCoreFSCache.dylib
0x000000003a09d000 	/System/Library/PrivateFrameworks/IOAccelerator.framework/Versions/A/IOAccelerator
0x000000003a09d000 	/System/Library/Frameworks/OpenGL.framework/Versions/A/Libraries/libGLU.dylib
0x000000003a09d000 	/System/Library/Frameworks/OpenGL.framework/Versions/A/Libraries/libGFXShared.dylib
0x000000003a09d000 	/System/Library/Frameworks/OpenGL.framework/Versions/A/Libraries/libGL.dylib
0x000000003a09d000 	/System/Library/Frameworks/OpenGL.framework/Versions/A/Libraries/libGLImage.dylib
0x000000003a09d000 	/System/Library/Frameworks/OpenGL.framework/Versions/A/Libraries/libCVMSPluginSupport.dylib
0x000000003a09d000 	/System/Library/Frameworks/OpenGL.framework/Versions/A/Libraries/libCoreVMClient.dylib
0x000000003a09d000 	/System/Library/PrivateFrameworks/RemoteViewServices.framework/Versions/A/RemoteViewServices
0x000000003a09d000 	/System/Library/PrivateFrameworks/UIFoundation.framework/Versions/A/UIFoundation
0x000000003a09d000 	/System/Library/PrivateFrameworks/DFRFoundation.framework/Versions/A/DFRFoundation
0x000000003a09d000 	/System/Library/PrivateFrameworks/SkyLight.framework/Versions/A/SkyLight
0x000000003a09d000 	/usr/lib/libScreenReader.dylib
0x000000003a09d000 	/System/Library/Frameworks/AudioUnit.framework/Versions/A/AudioUnit
0x000000003a09d000 	/System/Library/PrivateFrameworks/DataDetectorsCore.framework/Versions/A/DataDetectorsCore
0x000000003a09d000 	/System/Library/PrivateFrameworks/DesktopServicesPriv.framework/Versions/A/DesktopServicesPriv
0x000000003a09d000 	/System/Library/Frameworks/Carbon.framework/Versions/A/Frameworks/HIToolbox.framework/Versions/A/HIToolbox
0x000000003a09d000 	/System/Library/Frameworks/Carbon.framework/Versions/A/Frameworks/SpeechRecognition.framework/Versions/A/SpeechRecognition
0x000000003a09d000 	/System/Library/PrivateFrameworks/PerformanceAnalysis.framework/Versions/A/PerformanceAnalysis
0x000000003a09d000 	/System/Library/PrivateFrameworks/GenerationalStorage.framework/Versions/A/GenerationalStorage
0x000000003a09d000 	/System/Library/PrivateFrameworks/Backup.framework/Versions/A/Backup
0x000000003a09d000 	/System/Library/Frameworks/Carbon.framework/Versions/A/Frameworks/Ink.framework/Versions/A/Ink
0x000000003a09d000 	/System/Library/PrivateFrameworks/TextureIO.framework/Versions/A/TextureIO
0x000000003a09d000 	/usr/lib/libate.dylib
0x000000003a09d000 	/System/Library/PrivateFrameworks/CrashReporterSupport.framework/Versions/A/CrashReporterSupport
0x000000003a09d000 	/System/Library/PrivateFrameworks/Sharing.framework/Versions/A/Sharing
0x000000003a09d000 	/System/Library/PrivateFrameworks/IconServices.framework/Versions/A/IconServices
0x000000003a09d000 	/System/Library/PrivateFrameworks/ProtocolBuffer.framework/Versions/A/ProtocolBuffer
0x000000003a09d000 	/System/Library/PrivateFrameworks/Apple80211.framework/Versions/A/Apple80211
0x000000003a09d000 	/System/Library/Frameworks/CoreWLAN.framework/Versions/A/CoreWLAN
0x000000003a09d000 	/System/Library/PrivateFrameworks/CoreUtils.framework/Versions/A/CoreUtils
0x000000003a09d000 	/System/Library/Frameworks/IOBluetooth.framework/Versions/A/IOBluetooth
0x000000003a09d000 	/System/Library/PrivateFrameworks/CoreWiFi.framework/Versions/A/CoreWiFi
0x000000003a09d000 	/System/Library/Frameworks/CoreBluetooth.framework/Versions/A/CoreBluetooth
0x000000003a09d000 	/System/Library/Frameworks/CoreDisplay.framework/Versions/A/CoreDisplay
0x000000003a09d000 	/System/Library/PrivateFrameworks/IOPresentment.framework/Versions/A/IOPresentment
0x000000003a09d000 	/System/Library/PrivateFrameworks/DSExternalDisplay.framework/Versions/A/DSExternalDisplay
0x000000003a09d000 	/System/Library/PrivateFrameworks/DebugSymbols.framework/Versions/A/DebugSymbols
0x000000003a09d000 	/System/Library/PrivateFrameworks/Symbolication.framework/Versions/A/Symbolication
0x000000003a09d000 	/System/Library/PrivateFrameworks/AppleFSCompression.framework/Versions/A/AppleFSCompression
0x000000003a09d000 	/System/Library/PrivateFrameworks/SpeechRecognitionCore.framework/Versions/A/SpeechRecognitionCore
0x000000003a09d000 	/System/Library/PrivateFrameworks/ChunkingLibrary.framework/Versions/A/ChunkingLibrary
0x000000003a09d000 	/System/Library/Frameworks/Carbon.framework/Versions/A/Frameworks/CommonPanels.framework/Versions/A/CommonPanels
0x000000003a09d000 	/System/Library/Frameworks/Carbon.framework/Versions/A/Frameworks/Help.framework/Versions/A/Help
0x000000003a09d000 	/System/Library/Frameworks/Carbon.framework/Versions/A/Frameworks/ImageCapture.framework/Versions/A/ImageCapture
0x000000003a09d000 	/System/Library/Frameworks/Carbon.framework/Versions/A/Frameworks/OpenScripting.framework/Versions/A/OpenScripting
0x000000003a09d000 	/System/Library/Frameworks/Carbon.framework/Versions/A/Frameworks/Print.framework/Versions/A/Print
0x000000003a09d000 	/System/Library/Frameworks/Carbon.framework/Versions/A/Frameworks/SecurityHI.framework/Versions/A/SecurityHI
0x0000000109e16000 	/Library/Java/JavaVirtualMachines/jdk1.8.0_131.jdk/Contents/Home/jre/lib/libawt.dylib
0x0000000109ebe000 	/Library/Java/JavaVirtualMachines/jdk1.8.0_131.jdk/Contents/Home/jre/lib/./libmlib_image.dylib
0x0000000109f8a000 	/Library/Java/JavaVirtualMachines/jdk1.8.0_131.jdk/Contents/Home/jre/lib/libawt_lwawt.dylib
0x000000010a041000 	/Library/Java/JavaVirtualMachines/jdk1.8.0_131.jdk/Contents/Home/jre/lib/./libosxapp.dylib
0x000000003a09d000 	/System/Library/Frameworks/ExceptionHandling.framework/Versions/A/ExceptionHandling

VM Arguments:
jvm_args: -Djava.library.path=/local/rexx/oorexx/build/executor5.master/main/trunk/macos/clang/release/64/delivery/lib:/Local/rexx/bsf4oorexx/svn/trunk/bsf4oorexx.dev/source_cc/build/macos/clang/release/64 -Djava.awt.headless=true 
java_command: <unknown>
java_class_path (initial): /Local/rexx/bsf4oorexx/svn/trunk/jars/janino/janino.jar:/Local/rexx/bsf4oorexx/svn/trunk/jars/janino/commons-compiler.jar:/Local/rexx/bsf4oorexx/svn/trunk:
Launcher Type: generic

Environment Variables:
JAVA_HOME=/Library/Java/JavaVirtualMachines/jdk1.8.0_131.jdk/Contents/Home
CLASSPATH=/Local/rexx/bsf4oorexx/svn/trunk/jars/janino/janino.jar:/Local/rexx/bsf4oorexx/svn/trunk/jars/janino/commons-compiler.jar:/Local/rexx/bsf4oorexx/svn/trunk:
PATH=/Users/jlfaucher/Dropbox/software/oorexx:/local/icu/icu4c-50_1_2-MacOSX64_GCC/usr/local/sbin:/local/icu/icu4c-50_1_2-MacOSX64_GCC/usr/local/bin:/Local/rexx/bsf4oorexx/svn/trunk/bsf4oorexx.dev/bin:/local/rexx/oorexx/executor5/sandbox/jlf/samples:/local/rexx/oorexx/executor5/incubator/oorexxshell:/local/rexx/oorexx/executor5/incubator/docmusings:/local/rexx/oorexx/executor5/incubator:/local/rexx/oorexx/official/test/trunk/framework:/local/rexx/oorexx/official/test/trunk:/local/rexx/oorexx/build/executor5.master/main/trunk/macos/clang/release/64/delivery/bin:/local/rexx/oorexx/scripts:/opt/local/bin:/opt/local/sbin:/opt/opendylan-2013.2/bin:/usr/local/bin:/Users/jlfaucher/Library/Haskell/bin:/usr/local/git/bin:/Applications/Mathematica.app/Contents/MacOS:/Users/jlfaucher/bin:/usr/local/cobra/bin:/sw/opt/bison-legacy/bin:/sw/var/lib/fink/path-prefix-10.6:/sw/bin:/sw/sbin:/usr/local/bin:/usr/bin:/bin:/usr/sbin:/sbin:/opt/X11/bin:/usr/local/git/bin:/Library/TeX/texbin:/Applications/DjView.app/Contents/bin
LD_LIBRARY_PATH=/Local/rexx/GCI/gci-source.1.1/build/macos/clang/release/64:/Local/rexx/bsf4oorexx/svn/trunk/bsf4oorexx.dev/source_cc/build/macos/clang/release/64:/Library/Java/JavaVirtualMachines/jdk1.8.0_131.jdk/Contents/Home/jre/lib/amd64/server:/local/rexx/oorexx/build/executor5.master/main/trunk/macos/clang/release/64/delivery/lib:
SHELL=/bin/bash
DISPLAY=/private/tmp/com.apple.launchd.Chhh3jIDyu/org.macosforge.xquartz:0
DYLD_LIBRARY_PATH=/local/icu/icu4c-50_1_2-MacOSX64_GCC/usr/local/lib:/Local/rexx/GCI/gci-source.1.1/build/macos/clang/release/64:/Local/rexx/bsf4oorexx/svn/trunk/bsf4oorexx.dev/source_cc/build/macos/clang/release/64:/Library/Java/JavaVirtualMachines/jdk1.8.0_131.jdk/Contents/Home/jre/lib/server:/local/rexx/oorexx/build/executor5.master/main/trunk/macos/clang/release/64/delivery/lib:

Signal Handlers:
SIGSEGV: [libjvm.dylib+0x5b1eb1], sa_mask[0]=11111111011111110111111111111111, sa_flags=SA_ONSTACK|SA_RESTART|SA_SIGINFO
SIGBUS: [libjvm.dylib+0x5b1eb1], sa_mask[0]=11111111011111110111111111111111, sa_flags=SA_RESTART|SA_SIGINFO
SIGFPE: [libjvm.dylib+0x488988], sa_mask[0]=11111111011111110111111111111111, sa_flags=SA_RESTART|SA_SIGINFO
SIGPIPE: [libjvm.dylib+0x488988], sa_mask[0]=11111111011111110111111111111111, sa_flags=SA_RESTART|SA_SIGINFO
SIGXFSZ: [libjvm.dylib+0x488988], sa_mask[0]=11111111011111110111111111111111, sa_flags=SA_RESTART|SA_SIGINFO
SIGILL: [libjvm.dylib+0x488988], sa_mask[0]=11111111011111110111111111111111, sa_flags=SA_RESTART|SA_SIGINFO
SIGUSR1: SIG_DFL, sa_mask[0]=11011111011111100000000111000110, sa_flags=none
SIGUSR2: [libjvm.dylib+0x4884a6], sa_mask[0]=00000000000000000000000000000000, sa_flags=SA_RESTART|SA_SIGINFO
SIGHUP: [libjvm.dylib+0x486a7d], sa_mask[0]=11111111011111110111111111111111, sa_flags=SA_RESTART|SA_SIGINFO
SIGINT: [libjvm.dylib+0x486a7d], sa_mask[0]=11111111011111110111111111111111, sa_flags=SA_RESTART|SA_SIGINFO
SIGTERM: [libjvm.dylib+0x486a7d], sa_mask[0]=11111111011111110111111111111111, sa_flags=SA_RESTART|SA_SIGINFO
SIGQUIT: [libjvm.dylib+0x486a7d], sa_mask[0]=11111111011111110111111111111111, sa_flags=SA_RESTART|SA_SIGINFO


---------------  S Y S T E M  ---------------

OS:Bsduname:Darwin 16.7.0 Darwin Kernel Version 16.7.0: Tue Jan 30 11:27:06 PST 2018; root:xnu-3789.73.11~1/RELEASE_X86_64 x86_64
rlimit: STACK 8192k, CORE 0k, NPROC 709, NOFILE 10240, AS infinity
load average:2.08 7.39 6.70

CPU:total 2 (initial active 2) (2 cores per cpu, 1 threads per core) family 6 model 23 stepping 10, cmov, cx8, fxsr, mmx, sse, sse2, sse3, ssse3, sse4.1, tsc

Memory: 4k page, physical 16777216k(2250616k free)

/proc/meminfo:


vm_info: Java HotSpot(TM) 64-Bit Server VM (25.131-b11) for bsd-amd64 JRE (1.8.0_131-b11), built on Mar 15 2017 01:32:22 by "java_re" with gcc 4.2.1 (Based on Apple Inc. build 5658) (LLVM build 2336.11.00)

time: Sat Apr  7 09:32:52 2018
elapsed time: 13366 seconds (0d 3h 42m 46s)

